<?xml version="1.0" encoding="UTF-8" ?>
<testsuite errors="0" skipped="0" tests="1" time="1.187" failures="0" name="generated.PurchaseOrderTypeTest">
  <properties>
    <property value="Apple Inc." name="java.vendor"/>
    <property value="/Users/jonpallas/.m2/repository" name="localRepository"/>
    <property value="/Users/oracle/oracle/product/10.2.0/db_1" name="env.ORACLE_HOME"/>
    <property value="SUN_STANDARD" name="sun.java.launcher"/>
    <property value="HotSpot Client Compiler" name="sun.management.compiler"/>
    <property value="68ebe0" name="env.SECURITYSESSIONID"/>
    <property value="Mac OS X" name="os.name"/>
    <property value="/System/Library/Frameworks/JavaVM.framework/Versions/1.5.0/Classes/jsfd.jar:/System/Library/Frameworks/JavaVM.framework/Versions/1.5.0/Classes/classes.jar:/System/Library/Frameworks/JavaVM.framework/Versions/1.5.0/Classes/ui.jar:/System/Library/Frameworks/JavaVM.framework/Versions/1.5.0/Classes/laf.jar:/System/Library/Frameworks/JavaVM.framework/Versions/1.5.0/Classes/sunrsasign.jar:/System/Library/Frameworks/JavaVM.framework/Versions/1.5.0/Classes/jsse.jar:/System/Library/Frameworks/JavaVM.framework/Versions/1.5.0/Classes/jce.jar:/System/Library/Frameworks/JavaVM.framework/Versions/1.5.0/Classes/charsets.jar" name="sun.boot.class.path"/>
    <property value="/var/folders/7e/7eo+8RnaF203V5EXEL-5nk+++TI/-Tmp-/" name="env.TMPDIR"/>
    <property value="/Applications/ATG/ATG2007.1/fruugohead/method-inserter/application" name="env.PWD"/>
    <property value="ORCL" name="env.ORACLE_SID"/>
    <property value="en_US.UTF-8" name="env.LANG"/>
    <property value="Sun Microsystems Inc." name="java.vm.specification.vendor"/>
    <property value="1.5.0_19-b02-304" name="java.runtime.version"/>
    <property value="/tmp/launch-QrMoEB/Render" name="env.Apple_PubSub_Socket_Render"/>
    <property value="/tmp/launch-8ssWzI/:0" name="env.DISPLAY"/>
    <property value="jonpallas" name="user.name"/>
    <property value="jonpallas" name="env.USER"/>
    <property value="/bin/bash" name="env.SHELL"/>
    <property value="0x1F5:0:0" name="env.__CF_USER_TEXT_ENCODING"/>
    <property value="true" name="awt.nativeDoubleBuffering"/>
    <property value="org.codehaus.classworlds.Launcher" name="env.JAVA_MAIN_CLASS_6533"/>
    <property value="/Applications/groovy-1.5.4/bin:/Applications/oracle/instantclient:/Applications/Utilities:/opt/local/bin:/usr/local/bin:/usr/local/sbin:/Applications/grails-1.0.3/bin:/usr/bin:/bin:/usr/sbin:/sbin:/usr/local/bin:/usr/X11/bin:/Applications/jboss-4.2.2.GA/bin:/Applications/jboss-4.0.5.GA/bin:/Applications/ec2-api-tools-1.3-19403/bin:/Users/oracle/oracle/product/10.2.0/db_1/bin" name="env.PATH"/>
    <property value="en" name="user.language"/>
    <property value="/System/Library/Frameworks/JavaVM.framework/Versions/1.5.0/Libraries" name="sun.boot.library.path"/>
    <property value="/opt/local/share/java/maven2/bin/m2.conf" name="classworlds.conf"/>
    <property value="1.5.0_19" name="java.version"/>
    <property value="Europe/Helsinki" name="user.timezone"/>
    <property value="32" name="sun.arch.data.model"/>
    <property value="/Applications/ec2-api-tools-1.3-19403" name="env.EC2_HOME"/>
    <property value="local|*.local|169.254/16|*.169.254/16" name="http.nonProxyHosts"/>
    <property value="/System/Library/Frameworks/JavaVM.framework/Versions/1.5.0/Home/lib/endorsed" name="java.endorsed.dirs"/>
    <property value="" name="sun.cpu.isalist"/>
    <property value="MacRoman" name="sun.jnu.encoding"/>
    <property value="sun.io" name="file.encoding.pkg"/>
    <property value="1" name="env.SHLVL"/>
    <property value="/" name="file.separator"/>
    <property value="Java Platform API Specification" name="java.specification.name"/>
    <property value="/Applications/groovy-1.5.4" name="env.GROOVY_HOME"/>
    <property value="49.0" name="java.class.version"/>
    <property value="US" name="user.country"/>
    <property value="/System/Library/Frameworks/JavaVM.framework/Versions/1.5.0/Home" name="java.home"/>
    <property value="mixed mode" name="java.vm.info"/>
    <property value="jonpallas" name="env.LOGNAME"/>
    <property value="10.5.7" name="os.version"/>
    <property value="240.2" name="env.TERM_PROGRAM_VERSION"/>
    <property value=":" name="path.separator"/>
    <property value="1.5.0_19-137" name="java.vm.version"/>
    <property value="/Library/Java/Home" name="env.JAVA_HOME"/>
    <property value="apple.awt.CPrinterJob" name="java.awt.printerjob"/>
    <property value="xterm-color" name="env.TERM"/>
    <property value="UnicodeLittle" name="sun.io.unicode.encoding"/>
    <property value="/Applications/oracle/instantclient:/Users/oracle/oracle/product/10.2.0/db_1/lib" name="env.DYLD_LIBRARY_PATH"/>
    <property value="apple.awt.CToolkit" name="awt.toolkit"/>
    <property value="local|*.local|169.254/16|*.169.254/16" name="socksNonProxyHosts"/>
    <property value="local|*.local|169.254/16|*.169.254/16" name="ftp.nonProxyHosts"/>
    <property value="/usr/share/man:/usr/local/share/man:/usr/X11/man" name="env.MANPATH"/>
    <property value="/Users/jonpallas" name="user.home"/>
    <property value="/Applications/ATG/ATG2007.1/fruugohead/method-inserter/application" name="env.OLDPWD"/>
    <property value="/Applications/oracle/instantclient" name="env.TNS_ADMIN"/>
    <property value="Sun Microsystems Inc." name="java.specification.vendor"/>
    <property value="Apple_Terminal" name="env.TERM_PROGRAM"/>
    <property value="/Users/jonpallas/.ec2/cert-U4N3VHODY4HDLSXDOTCLT5M4POVRUVJO.pem" name="env.EC2_CERT"/>
    <property value="/Applications/oracle/instantclient:/Users/oracle/oracle/product/10.2.0/db_1/lib:.:/Library/Java/Extensions:/System/Library/Java/Extensions:/usr/lib/java" name="java.library.path"/>
    <property value="http://www.apple.com/" name="java.vendor.url"/>
    <property value="Apple Inc." name="java.vm.vendor"/>
    <property value="false" name="gopherProxySet"/>
    <property value="/Users/jonpallas/.ec2/pk-U4N3VHODY4HDLSXDOTCLT5M4POVRUVJO.pem" name="env.EC2_PRIVATE_KEY"/>
    <property value="/opt/local/share/java/maven2" name="maven.home"/>
    <property value="Java(TM) 2 Runtime Environment, Standard Edition" name="java.runtime.name"/>
    <property value="/opt/local/share/java/maven2/boot/classworlds-1.1.jar" name="java.class.path"/>
    <property value="Java Virtual Machine Specification" name="java.vm.specification.name"/>
    <property value="1.0" name="java.vm.specification.version"/>
    <property value="unknown" name="sun.os.patch.level"/>
    <property value="little" name="sun.cpu.endian"/>
    <property value="/Users/jonpallas" name="env.HOME"/>
    <property value="/Applications/ATG/ATG2007.1/fruugohead/method-inserter/application/example-app/target/test-classes:/Applications/ATG/ATG2007.1/fruugohead/method-inserter/application/example-app/target/classes:/Applications/ATG/ATG2007.1/fruugohead/method-inserter/application/beans/target/beans-1.0.jar:/Users/jonpallas/.m2/repository/com/sun/xml/bind/jaxb-impl/2.1.10/jaxb-impl-2.1.10.jar:/Users/jonpallas/.m2/repository/javax/xml/bind/jaxb-api/2.1/jaxb-api-2.1.jar:/Users/jonpallas/.m2/repository/javax/xml/stream/stax-api/1.0-2/stax-api-1.0-2.jar:/Users/jonpallas/.m2/repository/javax/activation/activation/1.1/activation-1.1.jar:/Applications/ATG/ATG2007.1/fruugohead/method-inserter/application/jaxb-method-inserter-plugin/target/jaxb-method-inserter-plugin-0.1.jar:/Users/jonpallas/.m2/repository/com/sun/xml/bind/jaxb-xjc/2.1.10/jaxb-xjc-2.1.10.jar:/Users/jonpallas/.m2/repository/javax/xml/bind/jsr173_api/1.0/jsr173_api-1.0.jar:/Users/jonpallas/.m2/repository/commons-beanutils/commons-beanutils/1.8.0/commons-beanutils-1.8.0.jar:/Users/jonpallas/.m2/repository/commons-logging/commons-logging/1.1.1/commons-logging-1.1.1.jar:/Users/jonpallas/.m2/repository/org/jvnet/hyperjaxb3/hyperjaxb3-ejb-roundtrip/0.5.3/hyperjaxb3-ejb-roundtrip-0.5.3.jar:/Users/jonpallas/.m2/repository/javax/persistence/persistence-api/1.0/persistence-api-1.0.jar:/Users/jonpallas/.m2/repository/junit/junit/3.8.1/junit-3.8.1.jar:/Users/jonpallas/.m2/repository/org/jvnet/jaxb2_commons/testing/0.4.1.5/testing-0.4.1.5.jar:/Users/jonpallas/.m2/repository/xmlunit/xmlunit/1.0/xmlunit-1.0.jar:/Users/jonpallas/.m2/repository/commons-io/commons-io/1.2/commons-io-1.2.jar:/Users/jonpallas/.m2/repository/org/jvnet/jaxb2_commons/tools/0.4.1.5/tools-0.4.1.5.jar:/Users/jonpallas/.m2/repository/commons-lang/commons-lang/2.2/commons-lang-2.2.jar:/Users/jonpallas/.m2/repository/org/jvnet/jaxb2_commons/runtime/0.4.1.5/runtime-0.4.1.5.jar:/Users/jonpallas/.m2/repository/org/jvnet/hyperjaxb3/hyperjaxb3-ejb-runtime/0.5.3/hyperjaxb3-ejb-runtime-0.5.3.jar:/Users/jonpallas/.m2/repository/org/slf4j/slf4j-log4j12/1.5.2/slf4j-log4j12-1.5.2.jar:/Users/jonpallas/.m2/repository/org/slf4j/slf4j-api/1.5.2/slf4j-api-1.5.2.jar:/Users/jonpallas/.m2/repository/log4j/log4j/1.2.14/log4j-1.2.14.jar:" name="surefire.test.class.path"/>
    <property value="/var/folders/7e/7eo+8RnaF203V5EXEL-5nk+++TI/-Tmp-/" name="java.io.tmpdir"/>
    <property value="/Applications/ATG/ATG2007.1" name="env.ATG_2007_HOME"/>
    <property value="http://bugreport.apple.com/" name="java.vendor.url.bug"/>
    <property value="/tmp/launch-JPvtpz/Listeners" name="env.SSH_AUTH_SOCK"/>
    <property value=" -Xms256m -Xmx512m -XX:MaxPermSize=256m" name="env.MAVEN_OPTS"/>
    <property value="/Library/Google/Frameworks/Gild.framework" name="env._GOOGLE_GILD_RUNTIME_FRAMEWORK_ABSOLUTE_PATH_"/>
    <property value="unix2003" name="env.COMMAND_MODE"/>
    <property value="apple.awt.CGraphicsEnvironment" name="java.awt.graphicsenv"/>
    <property value="i386" name="os.arch"/>
    <property value="/Library/Java/Extensions:/System/Library/Java/Extensions:/System/Library/Frameworks/JavaVM.framework/Versions/1.5.0/Home/lib/ext" name="java.ext.dirs"/>
    <property value="/tmp/launch-m8gdxK/session" name="env.DBUS_LAUNCHD_SESSION_BUS_SOCKET"/>
    <property value="/Applications/ATG/ATG2007.1/fruugohead/method-inserter/application/example-app" name="user.dir"/>
    <property value="1050.1.5.0_19-304" name="mrj.version"/>
    <property value="
" name="line.separator"/>
    <property value="Java HotSpot(TM) Client VM" name="java.vm.name"/>
    <property value="/Applications/ATG/ATG2007.1/fruugohead/method-inserter/application/example-app" name="basedir"/>
    <property value="MacRoman" name="file.encoding"/>
    <property value="/Applications/grails-1.0.3" name="env.GRAILS_HOME"/>
    <property value="1.5" name="java.specification.version"/>
    <property value="/Applications/ATG/ATG2007.1" name="env.DYNAMO_HOME"/>
  </properties>
  <testcase classname="generated.PurchaseOrderTypeTest" time="1.137" name="testInsertedMethodCall"/>
</testsuite>